<?xml version="1.0" encoding="UTF-8"?>
<!-- Generated by org.testng.reporters.JUnitReportReporter -->
<testsuite hostname="LAPTOP-0UN2NLD5" failures="0" tests="3" name="com.nopcomerce.user.User_01_Register_Login" time="0.006" errors="0" timestamp="06 Oct 2023 10:03:36 GMT" skipped="0">
  <testcase classname="com.nopcomerce.user.User_01_Register_Login" name="TC_01_Register_Empty_Data" time="0.004"/>
  <testcase classname="com.nopcomerce.user.User_01_Register_Login" name="TC_02_Register_Invalid_Email" time="0.001"/>
  <testcase classname="com.nopcomerce.user.User_01_Register_Login" name="TC_03_Register_Invalid_Password" time="0.001"/>
</testsuite> <!-- com.nopcomerce.user.User_01_Register_Login -->
